# JRE version: OpenJDK Runtime Environment (17.0.7) (build 17.0.7+0-b2043.56-10550314)
# Java VM: OpenJDK 64-Bit Server VM (17.0.7+0-b2043.56-10550314, mixed mode, tiered, compressed oops, compressed class ptrs, g1 gc, windows-amd64)
GC Precious Log:
 CPUs: 12 total, 12 available
 Memory: 16085M
 Large Page Support: Disabled
 NUMA Support: Disabled
 Compressed Oops: Enabled (Zero based)
 Heap Region Size: 2M
 Heap Min Capacity: 8M
 Heap Initial Capacity: 252M
 Heap Max Capacity: 4022M
 Pre-touch: Disabled
 Parallel Workers: 10
 Concurrent Workers: 3
 Concurrent Refinement Workers: 10
 Periodic GC: Disabled
Heap:
 garbage-first heap   total 131072K, used 58427K [0x0000000704a00000, 0x0000000800000000)
  region size 2048K, 5 young (10240K), 3 survivors (6144K)
 Metaspace       used 74215K, committed 74624K, reserved 1179648K
  class space    used 8769K, committed 8960K, reserved 1048576K
GC Heap History (20 events):
Event: 1.586 GC heap before
{Heap before GC invocations=6 (full 0):
 garbage-first heap   total 40960K, used 27802K [0x0000000704a00000, 0x0000000800000000)
  region size 2048K, 7 young (14336K), 1 survivors (2048K)
 Metaspace       used 35330K, committed 35584K, reserved 1114112K
  class space    used 4559K, committed 4672K, reserved 1048576K
}
Event: 1.591 GC heap after
{Heap after GC invocations=7 (full 0):
 garbage-first heap   total 40960K, used 17605K [0x0000000704a00000, 0x0000000800000000)
  region size 2048K, 1 young (2048K), 1 survivors (2048K)
 Metaspace       used 35330K, committed 35584K, reserved 1114112K
  class space    used 4559K, committed 4672K, reserved 1048576K
}
Event: 1.613 GC heap before
{Heap before GC invocations=7 (full 0):
 garbage-first heap   total 40960K, used 17605K [0x0000000704a00000, 0x0000000800000000)
  region size 2048K, 2 young (4096K), 1 survivors (2048K)
 Metaspace       used 35731K, committed 35968K, reserved 1114112K
  class space    used 4606K, committed 4736K, reserved 1048576K
}
Event: 1.615 GC heap after
{Heap after GC invocations=8 (full 0):
 garbage-first heap   total 149504K, used 18212K [0x0000000704a00000, 0x0000000800000000)
  region size 2048K, 1 young (2048K), 1 survivors (2048K)
 Metaspace       used 35731K, committed 35968K, reserved 1114112K
  class space    used 4606K, committed 4736K, reserved 1048576K
}
Event: 2.171 GC heap before
{Heap before GC invocations=9 (full 0):
 garbage-first heap   total 75776K, used 61220K [0x0000000704a00000, 0x0000000800000000)
  region size 2048K, 22 young (45056K), 1 survivors (2048K)
 Metaspace       used 45493K, committed 45696K, reserved 1114112K
  class space    used 5646K, committed 5760K, reserved 1048576K
}
Event: 2.177 GC heap after
{Heap after GC invocations=10 (full 0):
 garbage-first heap   total 75776K, used 21340K [0x0000000704a00000, 0x0000000800000000)
  region size 2048K, 2 young (4096K), 2 survivors (4096K)
 Metaspace       used 45493K, committed 45696K, reserved 1114112K
  class space    used 5646K, committed 5760K, reserved 1048576K
}
Event: 2.569 GC heap before
{Heap before GC invocations=10 (full 0):
 garbage-first heap   total 75776K, used 56156K [0x0000000704a00000, 0x0000000800000000)
  region size 2048K, 18 young (36864K), 2 survivors (4096K)
 Metaspace       used 51918K, committed 52096K, reserved 1114112K
  class space    used 6378K, committed 6464K, reserved 1048576K
}
Event: 2.579 GC heap after
{Heap after GC invocations=11 (full 0):
 garbage-first heap   total 75776K, used 28557K [0x0000000704a00000, 0x0000000800000000)
  region size 2048K, 3 young (6144K), 3 survivors (6144K)
 Metaspace       used 51918K, committed 52096K, reserved 1114112K
  class space    used 6378K, committed 6464K, reserved 1048576K
}
Event: 2.916 GC heap before
{Heap before GC invocations=11 (full 0):
 garbage-first heap   total 75776K, used 51085K [0x0000000704a00000, 0x0000000800000000)
  region size 2048K, 15 young (30720K), 3 survivors (6144K)
 Metaspace       used 54739K, committed 54912K, reserved 1114112K
  class space    used 6657K, committed 6720K, reserved 1048576K
}
Event: 2.925 GC heap after
{Heap after GC invocations=12 (full 0):
 garbage-first heap   total 75776K, used 32475K [0x0000000704a00000, 0x0000000800000000)
  region size 2048K, 2 young (4096K), 2 survivors (4096K)
 Metaspace       used 54739K, committed 54912K, reserved 1114112K
  class space    used 6657K, committed 6720K, reserved 1048576K
}
Event: 2.969 GC heap before
{Heap before GC invocations=12 (full 0):
 garbage-first heap   total 75776K, used 52955K [0x0000000704a00000, 0x0000000800000000)
  region size 2048K, 13 young (26624K), 2 survivors (4096K)
 Metaspace       used 54839K, committed 55040K, reserved 1114112K
  class space    used 6657K, committed 6720K, reserved 1048576K
}
Event: 2.976 GC heap after
{Heap after GC invocations=13 (full 0):
 garbage-first heap   total 75776K, used 34781K [0x0000000704a00000, 0x0000000800000000)
  region size 2048K, 1 young (2048K), 1 survivors (2048K)
 Metaspace       used 54839K, committed 55040K, reserved 1114112K
  class space    used 6657K, committed 6720K, reserved 1048576K
}
Event: 3.133 GC heap before
{Heap before GC invocations=13 (full 0):
 garbage-first heap   total 75776K, used 55261K [0x0000000704a00000, 0x0000000800000000)
  region size 2048K, 11 young (22528K), 1 survivors (2048K)
 Metaspace       used 55412K, committed 55616K, reserved 1114112K
  class space    used 6686K, committed 6784K, reserved 1048576K
}
Event: 3.139 GC heap after
{Heap after GC invocations=14 (full 0):
 garbage-first heap   total 131072K, used 37228K [0x0000000704a00000, 0x0000000800000000)
  region size 2048K, 2 young (4096K), 2 survivors (4096K)
 Metaspace       used 55412K, committed 55616K, reserved 1114112K
  class space    used 6686K, committed 6784K, reserved 1048576K
}
Event: 3.658 GC heap before
{Heap before GC invocations=15 (full 0):
 garbage-first heap   total 131072K, used 94572K [0x0000000704a00000, 0x0000000800000000)
  region size 2048K, 30 young (61440K), 2 survivors (4096K)
 Metaspace       used 59375K, committed 59648K, reserved 1114112K
  class space    used 7154K, committed 7296K, reserved 1048576K
}
Event: 3.666 GC heap after
{Heap after GC invocations=16 (full 0):
 garbage-first heap   total 131072K, used 44332K [0x0000000704a00000, 0x0000000800000000)
  region size 2048K, 4 young (8192K), 4 survivors (8192K)
 Metaspace       used 59375K, committed 59648K, reserved 1114112K
  class space    used 7154K, committed 7296K, reserved 1048576K
}
Event: 4.358 GC heap before
{Heap before GC invocations=16 (full 0):
 garbage-first heap   total 131072K, used 93484K [0x0000000704a00000, 0x0000000800000000)
  region size 2048K, 29 young (59392K), 4 survivors (8192K)
 Metaspace       used 67809K, committed 68160K, reserved 1114112K
  class space    used 8029K, committed 8192K, reserved 1048576K
}
Event: 4.367 GC heap after
{Heap after GC invocations=17 (full 0):
 garbage-first heap   total 131072K, used 50661K [0x0000000704a00000, 0x0000000800000000)
  region size 2048K, 3 young (6144K), 3 survivors (6144K)
 Metaspace       used 67809K, committed 68160K, reserved 1114112K
  class space    used 8029K, committed 8192K, reserved 1048576K
}
Event: 4.964 GC heap before
{Heap before GC invocations=17 (full 0):
 garbage-first heap   total 131072K, used 97765K [0x0000000704a00000, 0x0000000800000000)
  region size 2048K, 26 young (53248K), 3 survivors (6144K)
 Metaspace       used 73654K, committed 73984K, reserved 1179648K
  class space    used 8684K, committed 8832K, reserved 1048576K
}
Event: 4.977 GC heap after
{Heap after GC invocations=18 (full 0):
 garbage-first heap   total 131072K, used 56379K [0x0000000704a00000, 0x0000000800000000)
  region size 2048K, 3 young (6144K), 3 survivors (6144K)
 Metaspace       used 73654K, committed 73984K, reserved 1179648K
  class space    used 8684K, committed 8832K, reserved 1048576K
}

